<?xml version="1.0" encoding="UTF-8"?>
<testng-results ignored="0" total="1" passed="1" failed="0" skipped="0">
  <reporter-output>
  </reporter-output>
  <suite started-at="2024-09-15T15:44:03 IST" name="Suite" finished-at="2024-09-15T15:44:28 IST" duration-ms="25024">
    <groups>
      <group name="master">
        <method signature="TC_003_EndToEnd.verify_endToEnd()[pri:0, instance:testCases.TC_003_EndToEnd@79079097]" name="verify_endToEnd" class="testCases.TC_003_EndToEnd"/>
      </group> <!-- master -->
    </groups>
    <test started-at="2024-09-15T15:44:03 IST" name="Test" finished-at="2024-09-15T15:44:28 IST" duration-ms="25024">
      <class name="testCases.TC_003_EndToEnd">
        <test-method is-config="true" signature="setup(java.lang.String,java.lang.String)[pri:0, instance:testCases.TC_003_EndToEnd@79079097]" started-at="2024-09-15T15:44:04 IST" name="setup" finished-at="2024-09-15T15:44:11 IST" duration-ms="7799" status="PASS">
          <params>
            <param index="0">
              <value>
                <![CDATA[Windows]]>
              </value>
            </param>
            <param index="1">
              <value>
                <![CDATA[chrome]]>
              </value>
            </param>
          </params>
          <reporter-output>
          </reporter-output>
        </test-method> <!-- setup -->
        <test-method signature="verify_endToEnd()[pri:0, instance:testCases.TC_003_EndToEnd@79079097]" started-at="2024-09-15T15:44:11 IST" name="verify_endToEnd" finished-at="2024-09-15T15:44:28 IST" duration-ms="16166" status="PASS">
          <reporter-output>
          </reporter-output>
        </test-method> <!-- verify_endToEnd -->
        <test-method is-config="true" signature="tearDown()[pri:0, instance:testCases.TC_003_EndToEnd@79079097]" started-at="2024-09-15T15:44:28 IST" name="tearDown" finished-at="2024-09-15T15:44:28 IST" duration-ms="520" status="PASS">
          <reporter-output>
          </reporter-output>
        </test-method> <!-- tearDown -->
      </class> <!-- testCases.TC_003_EndToEnd -->
    </test> <!-- Test -->
  </suite> <!-- Suite -->
</testng-results>
